INFO:root:Labels: [[0. 0. 0. 0. 0. 1.]
 [0. 0. 0. 0. 0. 1.]
 [0. 0. 0. 1. 0. 0.]
 [0. 0. 0. 0. 0. 1.]
 [0. 0. 0. 0. 1. 0.]
 [0. 0. 0. 0. 0. 1.]
 [0. 0. 1. 0. 0. 0.]
 [0. 0. 1. 0. 0. 0.]
 [1. 0. 0. 0. 0. 0.]
 [0. 1. 0. 0. 0. 0.]
 [0. 1. 0. 0. 0. 0.]
 [0. 1. 0. 0. 0. 0.]
 [0. 1. 0. 0. 0. 0.]
 [1. 0. 0. 0. 0. 0.]
 [0. 0. 0. 0. 0. 1.]
 [0. 0. 0. 0. 0. 1.]
 [0. 0. 1. 0. 0. 0.]
 [0. 0. 0. 0. 1. 0.]
 [0. 0. 0. 1. 0. 0.]
 [0. 1. 0. 0. 0. 0.]
 [0. 0. 0. 1. 0. 0.]
 [0. 0. 0. 0. 1. 0.]
 [0. 0. 1. 0. 0. 0.]
 [0. 0. 0. 1. 0. 0.]
 [0. 0. 0. 0. 0. 1.]
 [0. 0. 0. 1. 0. 0.]
 [1. 0. 0. 0. 0. 0.]
 [0. 0. 0. 1. 0. 0.]
 [1. 0. 0. 0. 0. 0.]
 [0. 0. 0. 0. 1. 0.]
 [0. 1. 0. 0. 0. 0.]
 [0. 0. 0. 0. 0. 1.]], Predictions: [[0.2870891  0.1372425  0.16955993 0.08951581 0.09666148 0.24219836]
 [0.20838499 0.08622167 0.0304666  0.12883468 0.11929081 0.42551565]
 [0.07125951 0.16658157 0.10596459 0.11704898 0.41909122 0.13573265]
 [0.07924744 0.18293808 0.10443201 0.20222384 0.19501507 0.2461785 ]
 [0.05165026 0.148224   0.15954311 0.0521493  0.40736234 0.10561644]
 [0.10940879 0.03936869 0.08774108 0.06666642 0.501581   0.14956197]
 [0.13382755 0.06263582 0.24813275 0.29765478 0.13055296 0.11184768]
 [0.07356961 0.11272566 0.27413914 0.15437393 0.24052212 0.1556535 ]
 [0.326327   0.06584185 0.22467212 0.0932771  0.04536644 0.25643274]
 [0.20947525 0.07813039 0.02401558 0.1658228  0.01461636 0.49396968]
 [0.28531    0.07414976 0.08039624 0.16388576 0.03150033 0.35238972]
 [0.16331665 0.08269579 0.01999395 0.15472631 0.03241074 0.5452772 ]
 [0.3015601  0.05851304 0.28630766 0.16345543 0.09956807 0.12840913]
 [0.4304106  0.01654824 0.16926566 0.13573447 0.1319951  0.08804867]
 [0.12240735 0.03781352 0.02191447 0.29518962 0.03100651 0.5338866 ]
 [0.17923157 0.07254732 0.06217368 0.13335308 0.06872824 0.46566767]
 [0.22936183 0.08621559 0.08399856 0.13544078 0.03992429 0.42962322]
 [0.24694212 0.07887361 0.02849589 0.1803844  0.06743237 0.43899074]
 [0.1548252  0.11321329 0.19768244 0.11931485 0.110493   0.29016563]
 [0.1572365  0.27481285 0.07428913 0.05553966 0.06580731 0.3387589 ]
 [0.11020451 0.06596921 0.01975549 0.22791186 0.02859298 0.55524427]
 [0.08999556 0.05148241 0.08461659 0.20778286 0.4182064  0.15515685]
 [0.19747235 0.11952916 0.10056161 0.15207162 0.06259702 0.37015247]
 [0.16328919 0.36922947 0.16572315 0.12657264 0.05893858 0.21944265]
 [0.20316319 0.1882401  0.04501223 0.152782   0.02692102 0.38885435]
 [0.22221412 0.03105015 0.01693758 0.14246133 0.02750864 0.5557194 ]
 [0.11506329 0.19289428 0.34670323 0.1395859  0.07175295 0.16293241]
 [0.17736843 0.07031415 0.07633322 0.2857428  0.11600388 0.29952583]
 [0.2518743  0.0443435  0.0219688  0.1960131  0.01609451 0.47136995]
 [0.11976715 0.29248938 0.0977101  0.19775915 0.14198136 0.18160889]
 [0.0724058  0.27637377 0.04138877 0.06981392 0.06563208 0.46245325]
 [0.15623404 0.12189769 0.27667025 0.15898058 0.09178078 0.19268519]]
INFO:root:Labels: [[0. 1. 0. 0. 0. 0.]
 [0. 0. 1. 0. 0. 0.]
 [0. 0. 1. 0. 0. 0.]
 [0. 0. 0. 0. 0. 1.]
 [0. 0. 0. 1. 0. 0.]
 [0. 0. 0. 1. 0. 0.]
 [1. 0. 0. 0. 0. 0.]
 [0. 1. 0. 0. 0. 0.]
 [0. 0. 0. 0. 1. 0.]
 [0. 1. 0. 0. 0. 0.]
 [0. 1. 0. 0. 0. 0.]
 [0. 0. 1. 0. 0. 0.]
 [0. 0. 0. 0. 0. 1.]
 [0. 0. 0. 0. 0. 1.]
 [0. 0. 0. 1. 0. 0.]
 [1. 0. 0. 0. 0. 0.]
 [1. 0. 0. 0. 0. 0.]
 [0. 0. 0. 1. 0. 0.]
 [0. 0. 0. 0. 0. 1.]
 [0. 0. 0. 1. 0. 0.]
 [0. 0. 0. 1. 0. 0.]
 [0. 0. 0. 1. 0. 0.]
 [0. 0. 0. 0. 0. 1.]
 [1. 0. 0. 0. 0. 0.]
 [0. 0. 0. 1. 0. 0.]
 [0. 1. 0. 0. 0. 0.]
 [0. 0. 1. 0. 0. 0.]
 [1. 0. 0. 0. 0. 0.]
 [0. 0. 0. 0. 1. 0.]
 [0. 0. 0. 1. 0. 0.]
 [1. 0. 0. 0. 0. 0.]
 [0. 0. 0. 0. 0. 1.]], Predictions: [[0.06242823 0.22283709 0.03108807 0.13077042 0.0613392  0.53289825]
 [0.1341563  0.08254762 0.5727401  0.08010354 0.08100916 0.10512891]
 [0.33810785 0.00920823 0.05735638 0.18510535 0.1828433  0.14290786]
 [0.2639353  0.04877788 0.02428929 0.20254713 0.043156   0.46652725]
 [0.11172193 0.18917498 0.06190675 0.32317626 0.05653145 0.302072  ]
 [0.28844756 0.10207431 0.04999978 0.19180834 0.07282253 0.35739663]
 [0.10670164 0.01802365 0.08758697 0.22751507 0.3923258  0.115058  ]
 [0.16781533 0.08172881 0.02076424 0.24775285 0.03540958 0.44596362]
 [0.10048258 0.2238305  0.16297735 0.09183569 0.28851047 0.16444492]
 [0.25706512 0.05093525 0.10996177 0.22226024 0.16401765 0.2537452 ]
 [0.16124174 0.14320219 0.02569611 0.15123412 0.0316521  0.48787972]
 [0.22861364 0.22278677 0.11374513 0.10804266 0.08699089 0.27595562]
 [0.2698995  0.05764774 0.04940157 0.25228873 0.10138083 0.318704  ]
 [0.05625859 0.14905702 0.03478713 0.0542944  0.54920805 0.12801337]
 [0.08957633 0.35670394 0.14338468 0.06824417 0.13817246 0.22640479]
 [0.04641671 0.10045317 0.0173138  0.1872179  0.05011343 0.6442628 ]
 [0.24146247 0.02646843 0.00967153 0.16098417 0.01849034 0.5623286 ]
 [0.13234822 0.24530004 0.13788818 0.13152733 0.19668183 0.16737165]
 [0.2979016  0.01882925 0.01020679 0.11739937 0.01884363 0.5689135 ]
 [0.1759264  0.19889411 0.24431334 0.13288179 0.04498433 0.2483895 ]
 [0.17542206 0.05284765 0.00796828 0.17940675 0.0115821  0.5434124 ]
 [0.24256812 0.03500873 0.04077173 0.3269472  0.0679878  0.25978914]
 [0.2365026  0.15883471 0.09909642 0.10513028 0.13656643 0.2535085 ]
 [0.09868535 0.04818042 0.35539094 0.2551383  0.05832842 0.09564796]
 [0.21486583 0.0816725  0.02448218 0.16970448 0.04374569 0.4915915 ]
 [0.10811991 0.18852569 0.40150025 0.10345864 0.10884964 0.16383256]
 [0.20769249 0.02017865 0.07139473 0.21363993 0.3195103  0.12213483]
 [0.15818667 0.18336646 0.09224929 0.1596646  0.07501476 0.35302293]
 [0.1678718  0.05945484 0.44904366 0.12844597 0.09639613 0.12546569]
 [0.14264308 0.14947319 0.14664625 0.19035603 0.23945479 0.18627255]
 [0.22025979 0.22194746 0.08066133 0.12523003 0.10956953 0.288479  ]
 [0.09976409 0.13412406 0.0415961  0.2573921  0.04788613 0.44093144]]
INFO:root:Labels: [[0. 0. 0. 0. 1. 0.]
 [0. 0. 0. 0. 0. 1.]
 [0. 1. 0. 0. 0. 0.]
 [0. 0. 0. 0. 0. 1.]
 [0. 1. 0. 0. 0. 0.]
 [0. 0. 0. 0. 1. 0.]
 [0. 0. 0. 1. 0. 0.]
 [0. 1. 0. 0. 0. 0.]
 [0. 1. 0. 0. 0. 0.]
 [0. 0. 0. 0. 1. 0.]
 [1. 0. 0. 0. 0. 0.]
 [0. 0. 0. 0. 0. 1.]
 [0. 0. 0. 0. 0. 1.]
 [0. 0. 0. 0. 1. 0.]
 [1. 0. 0. 0. 0. 0.]
 [0. 0. 0. 1. 0. 0.]
 [0. 0. 0. 0. 1. 0.]
 [0. 0. 0. 1. 0. 0.]
 [0. 0. 0. 0. 0. 1.]
 [1. 0. 0. 0. 0. 0.]
 [0. 0. 0. 0. 1. 0.]
 [0. 0. 0. 0. 0. 1.]
 [1. 0. 0. 0. 0. 0.]
 [0. 0. 0. 1. 0. 0.]
 [0. 0. 0. 0. 1. 0.]
 [0. 0. 0. 0. 0. 1.]
 [1. 0. 0. 0. 0. 0.]
 [0. 0. 0. 0. 1. 0.]
 [0. 0. 0. 0. 0. 1.]
 [0. 0. 0. 0. 0. 1.]
 [0. 0. 0. 1. 0. 0.]
 [0. 0. 1. 0. 0. 0.]], Predictions: [[0.01177062 0.00307651 0.01248325 0.02578397 0.8829018  0.0452704 ]
 [0.0549981  0.06096962 0.58587533 0.1018761  0.15582712 0.09973111]
 [0.21809879 0.14999637 0.10889428 0.15821418 0.10485207 0.30202773]
 [0.18848458 0.03183628 0.14365944 0.21908125 0.22774896 0.20624304]
 [0.27733526 0.0556437  0.04843195 0.1372769  0.04842266 0.4404376 ]
 [0.07445339 0.09006263 0.14643703 0.12362965 0.40774322 0.18815152]
 [0.2571106  0.04861517 0.03134167 0.18515149 0.07262017 0.47298497]
 [0.1267667  0.09819827 0.05254192 0.15595773 0.31256425 0.25360763]
 [0.14573967 0.0869206  0.03578255 0.24250369 0.11329431 0.43390447]
 [0.13468078 0.04115693 0.01898853 0.29566795 0.08621331 0.4729069 ]
 [0.22103931 0.04432697 0.02899075 0.258237   0.08260421 0.37866417]
 [0.06941288 0.11805408 0.05734906 0.24327123 0.07014007 0.5003971 ]
 [0.3088711  0.02875624 0.05788441 0.13363422 0.15952879 0.31967843]
 [0.09693587 0.00559103 0.04721034 0.1294132  0.5806206  0.08170646]
 [0.06154816 0.03875924 0.2200138  0.13715367 0.47056526 0.1222342 ]
 [0.11272494 0.03069622 0.04800687 0.14453049 0.50728816 0.20146148]
 [0.11307245 0.07392157 0.12050413 0.23844875 0.3076111  0.10859864]
 [0.1665586  0.09275106 0.03442945 0.20967734 0.04840494 0.4635346 ]
 [0.08513432 0.17871235 0.06706738 0.18361303 0.16888157 0.3618562 ]
 [0.09307491 0.01271382 0.04135955 0.22114164 0.42813122 0.19436796]
 [0.19188005 0.15829949 0.03922139 0.21594615 0.10771116 0.27707466]
 [0.2019193  0.04774823 0.07967289 0.18418527 0.26367375 0.26860222]
 [0.2358307  0.03628316 0.03630193 0.20857899 0.05564566 0.408139  ]
 [0.16211863 0.02995774 0.03827582 0.32560882 0.24118525 0.24000789]
 [0.1408775  0.10391451 0.10431031 0.30595875 0.05947927 0.244789  ]
 [0.10907541 0.04832382 0.02176725 0.22718468 0.01891556 0.5995006 ]
 [0.10045736 0.3669533  0.13841538 0.08858728 0.10295949 0.24972363]
 [0.05473281 0.04996599 0.08744098 0.09275523 0.65555996 0.08924257]
 [0.05699481 0.11176828 0.02850814 0.15340725 0.21649966 0.49558356]
 [0.0408744  0.3066973  0.23390636 0.11030953 0.11645079 0.11932461]
 [0.06888378 0.2960313  0.04933207 0.12566999 0.12146541 0.36785257]
 [0.08483721 0.16903633 0.06902098 0.12329658 0.15776291 0.39557546]]
INFO:root:Labels: [[0. 0. 0. 0. 0. 1.]
 [1. 0. 0. 0. 0. 0.]
 [0. 0. 0. 0. 0. 1.]
 [0. 0. 0. 0. 0. 1.]
 [1. 0. 0. 0. 0. 0.]
 [0. 0. 0. 1. 0. 0.]
 [0. 0. 0. 0. 0. 1.]
 [0. 1. 0. 0. 0. 0.]
 [0. 0. 0. 1. 0. 0.]
 [0. 0. 0. 1. 0. 0.]
 [0. 0. 0. 1. 0. 0.]
 [1. 0. 0. 0. 0. 0.]
 [0. 0. 0. 0. 1. 0.]
 [1. 0. 0. 0. 0. 0.]
 [1. 0. 0. 0. 0. 0.]
 [1. 0. 0. 0. 0. 0.]
 [0. 0. 0. 0. 1. 0.]
 [0. 0. 0. 1. 0. 0.]
 [1. 0. 0. 0. 0. 0.]
 [0. 0. 1. 0. 0. 0.]
 [0. 0. 0. 0. 1. 0.]
 [0. 1. 0. 0. 0. 0.]
 [0. 1. 0. 0. 0. 0.]
 [0. 0. 0. 1. 0. 0.]
 [1. 0. 0. 0. 0. 0.]
 [1. 0. 0. 0. 0. 0.]
 [0. 0. 0. 1. 0. 0.]
 [0. 1. 0. 0. 0. 0.]
 [1. 0. 0. 0. 0. 0.]
 [0. 0. 0. 0. 0. 1.]
 [0. 0. 0. 0. 1. 0.]
 [0. 0. 0. 0. 1. 0.]], Predictions: [[0.38598981 0.03031524 0.18217702 0.12367167 0.12258111 0.15139963]
 [0.176677   0.0408902  0.03983102 0.12278531 0.21641131 0.39038897]
 [0.19723032 0.05681621 0.05563414 0.3404253  0.07865767 0.31758443]
 [0.403639   0.05232197 0.02748553 0.05112835 0.02366637 0.5172836 ]
 [0.16857004 0.11320342 0.03402104 0.15284155 0.06162029 0.45724645]
 [0.20095447 0.08286227 0.05961544 0.23385659 0.04167265 0.39289173]
 [0.13478161 0.09937426 0.05658279 0.19396023 0.035923   0.48977616]
 [0.09538803 0.18349214 0.04851662 0.20270272 0.12414385 0.35123637]
 [0.10027446 0.08078961 0.04257068 0.18203866 0.07417431 0.55570185]
 [0.25940177 0.05677693 0.01356165 0.15659642 0.01625199 0.49964523]
 [0.12591854 0.04092348 0.01555528 0.3169689  0.01484412 0.4864644 ]
 [0.12199067 0.20062305 0.29668003 0.20035398 0.09163819 0.14978515]
 [0.25591242 0.06639772 0.0419816  0.2715925  0.05585736 0.3914845 ]
 [0.11620313 0.15713021 0.13764699 0.32196707 0.0859751  0.21125333]
 [0.45022947 0.05244579 0.1734303  0.11074458 0.05992797 0.18441537]
 [0.15526193 0.17003782 0.04933247 0.09490484 0.10710201 0.42609128]
 [0.1189853  0.0167615  0.06588971 0.16797999 0.56262326 0.06625312]
 [0.22870211 0.02701465 0.01323068 0.17383105 0.0533947  0.5243237 ]
 [0.15573858 0.21510427 0.04261538 0.19408156 0.03052382 0.34060648]
 [0.08980075 0.37275508 0.26535955 0.04830697 0.05234898 0.20559955]
 [0.06719797 0.13611747 0.05722898 0.3466797  0.23429081 0.14615993]
 [0.04897179 0.1276568  0.03385272 0.1560157  0.06561013 0.6118651 ]
 [0.20300472 0.04941471 0.02609301 0.14789705 0.08671484 0.5151458 ]
 [0.12632634 0.21963179 0.14955103 0.16893306 0.24896717 0.16666952]
 [0.11262018 0.12314891 0.06538236 0.3442643  0.10978092 0.30743667]
 [0.20272754 0.04497074 0.05143554 0.2814529  0.05314286 0.39504856]
 [0.22671485 0.01408391 0.0143535  0.19841407 0.09348483 0.48082724]
 [0.15308182 0.1395364  0.04496513 0.1649223  0.03631701 0.5066147 ]
 [0.12236714 0.3207575  0.07775709 0.07867123 0.24439058 0.16421674]
 [0.25746024 0.01468279 0.01459535 0.10315383 0.08266022 0.5304796 ]
 [0.2990889  0.0237855  0.08185413 0.2046874  0.2430779  0.09877928]
 [0.14394219 0.26156303 0.04929876 0.18766715 0.10767699 0.26662302]]
INFO:root:Labels: [[0. 0. 0. 1. 0. 0.]
 [0. 0. 0. 0. 0. 1.]
 [0. 0. 0. 1. 0. 0.]
 [0. 0. 1. 0. 0. 0.]
 [1. 0. 0. 0. 0. 0.]
 [1. 0. 0. 0. 0. 0.]
 [1. 0. 0. 0. 0. 0.]
 [0. 0. 0. 1. 0. 0.]
 [1. 0. 0. 0. 0. 0.]
 [0. 1. 0. 0. 0. 0.]
 [0. 0. 0. 1. 0. 0.]
 [0. 0. 1. 0. 0. 0.]
 [0. 0. 0. 1. 0. 0.]
 [0. 0. 0. 0. 0. 1.]
 [0. 0. 0. 0. 0. 1.]
 [0. 0. 0. 0. 0. 1.]
 [0. 0. 0. 1. 0. 0.]
 [0. 0. 1. 0. 0. 0.]
 [0. 0. 0. 0. 0. 1.]
 [0. 0. 0. 0. 0. 1.]
 [0. 1. 0. 0. 0. 0.]
 [0. 0. 0. 1. 0. 0.]
 [1. 0. 0. 0. 0. 0.]
 [0. 0. 0. 0. 1. 0.]
 [1. 0. 0. 0. 0. 0.]
 [0. 0. 0. 0. 0. 1.]
 [0. 1. 0. 0. 0. 0.]
 [0. 0. 1. 0. 0. 0.]
 [0. 0. 0. 0. 0. 1.]
 [0. 0. 0. 0. 0. 1.]
 [0. 0. 0. 1. 0. 0.]
 [0. 0. 0. 0. 0. 1.]], Predictions: [[0.12256917 0.07577705 0.03128432 0.39435473 0.03801224 0.36109522]
 [0.11125629 0.01693551 0.09926359 0.11040155 0.50731134 0.08971457]
 [0.18785077 0.34174842 0.12510523 0.1100418  0.04327102 0.21616367]
 [0.10577172 0.15511784 0.29894778 0.19744241 0.09078215 0.17942216]
 [0.2623626  0.03454333 0.13598463 0.25463006 0.08662695 0.20278016]
 [0.13300583 0.19601719 0.18426952 0.09876255 0.05597258 0.29782176]
 [0.18957415 0.13488884 0.03252671 0.16904795 0.03205132 0.43097568]
 [0.12862523 0.14186619 0.4315125  0.11815612 0.08798692 0.1536575 ]
 [0.10219231 0.06398051 0.6671744  0.04865636 0.02693973 0.09140523]
 [0.11363605 0.17684963 0.3104395  0.15244354 0.07337698 0.1925141 ]
 [0.07425229 0.04031868 0.01277892 0.23971742 0.02162205 0.63092244]
 [0.23800896 0.17628586 0.11468163 0.13272126 0.07611242 0.3035107 ]
 [0.15053712 0.05211157 0.1368245  0.22846879 0.24071068 0.19529866]
 [0.09806561 0.06549067 0.02683927 0.33253562 0.0617239  0.45646837]
 [0.10671973 0.21027623 0.3347499  0.08467439 0.06875323 0.21420331]
 [0.10924063 0.13238621 0.02914959 0.19782719 0.1174005  0.41977102]
 [0.26444793 0.02780743 0.05463803 0.31692988 0.11489858 0.26931575]
 [0.15632331 0.09987187 0.10238563 0.08427515 0.35292745 0.12608214]
 [0.17036067 0.03584601 0.02266265 0.2864973  0.09491827 0.46004668]
 [0.10219729 0.35011774 0.30396277 0.07424502 0.05696692 0.17335157]
 [0.07897032 0.18187518 0.4531132  0.08156414 0.12148115 0.12867968]
 [0.12007689 0.15907125 0.23846626 0.09548036 0.15919279 0.2156031 ]
 [0.17229003 0.30389488 0.13863827 0.04915972 0.14740217 0.22247437]
 [0.18950802 0.16907716 0.3295776  0.05987514 0.0450801  0.19747783]
 [0.27321842 0.0160736  0.02019387 0.15076831 0.07458548 0.51718116]
 [0.08437677 0.02410734 0.0322071  0.3148121  0.24950507 0.31777838]
 [0.38485992 0.07765893 0.19600014 0.06970812 0.06981908 0.23971361]
 [0.19711138 0.10371105 0.22381209 0.14073683 0.17005625 0.20386481]
 [0.06760169 0.15049429 0.05321087 0.1066474  0.31714815 0.29315045]
 [0.07086255 0.13572152 0.58438605 0.10300559 0.0655567  0.11477609]
 [0.22127143 0.05488704 0.02450866 0.20501594 0.02959326 0.47046947]
 [0.28381595 0.01538777 0.01540289 0.13879414 0.05019699 0.5411579 ]]
INFO:root:Labels: [[0. 0. 1. 0. 0. 0.]
 [0. 0. 1. 0. 0. 0.]
 [1. 0. 0. 0. 0. 0.]
 [0. 0. 0. 0. 1. 0.]
 [0. 0. 0. 0. 0. 1.]
 [0. 0. 0. 0. 1. 0.]
 [0. 0. 1. 0. 0. 0.]
 [0. 0. 1. 0. 0. 0.]
 [0. 1. 0. 0. 0. 0.]
 [0. 0. 0. 1. 0. 0.]
 [1. 0. 0. 0. 0. 0.]
 [0. 0. 1. 0. 0. 0.]
 [0. 1. 0. 0. 0. 0.]
 [0. 0. 0. 0. 1. 0.]
 [0. 0. 0. 1. 0. 0.]
 [0. 0. 1. 0. 0. 0.]
 [0. 0. 0. 0. 0. 1.]
 [0. 1. 0. 0. 0. 0.]
 [0. 0. 0. 1. 0. 0.]
 [1. 0. 0. 0. 0. 0.]
 [0. 1. 0. 0. 0. 0.]
 [0. 0. 0. 1. 0. 0.]
 [1. 0. 0. 0. 0. 0.]
 [0. 0. 1. 0. 0. 0.]
 [0. 1. 0. 0. 0. 0.]
 [0. 1. 0. 0. 0. 0.]
 [0. 0. 0. 0. 0. 1.]
 [0. 0. 0. 0. 0. 1.]
 [0. 0. 0. 0. 0. 1.]
 [0. 0. 0. 0. 0. 1.]
 [1. 0. 0. 0. 0. 0.]
 [0. 0. 0. 0. 1. 0.]], Predictions: [[0.06775322 0.03592335 0.16061126 0.06775205 0.5528199  0.07541762]
 [0.24366936 0.1188487  0.15080333 0.11351151 0.08399276 0.30477744]
 [0.22335659 0.11550853 0.28212327 0.07272051 0.05589596 0.27717814]
 [0.15023057 0.02385927 0.03341969 0.1997276  0.2452024  0.3764808 ]
 [0.07997986 0.05888409 0.02320038 0.2220726  0.21369536 0.45048556]
 [0.2106952  0.03378973 0.18224405 0.28750783 0.12440252 0.07615569]
 [0.08522205 0.25102353 0.11953142 0.04162227 0.30988327 0.13599707]
 [0.22965983 0.09493992 0.43372488 0.10276018 0.06532657 0.10478324]
 [0.2326557  0.03956272 0.02553933 0.18519494 0.11421546 0.42580754]
 [0.13767943 0.05655174 0.1731682  0.2653551  0.14836414 0.19735   ]
 [0.35435507 0.17925736 0.11270621 0.06908925 0.03826371 0.31277993]
 [0.17399825 0.06634493 0.35771096 0.12850612 0.18689524 0.0875124 ]
 [0.16394778 0.2372243  0.11310557 0.09488063 0.09613391 0.2666402 ]
 [0.11250393 0.00371461 0.0327638  0.17694896 0.52877825 0.05752264]
 [0.04494705 0.1574626  0.03934809 0.19902161 0.09393566 0.4922164 ]
 [0.1132377  0.317866   0.06191812 0.15888226 0.0783403  0.26177233]
 [0.10658586 0.14520016 0.03038692 0.152262   0.06877918 0.5457504 ]
 [0.11156426 0.40500575 0.09706733 0.03416544 0.07379764 0.29260522]
 [0.08532662 0.02293418 0.05780216 0.10826091 0.61092114 0.13820013]
 [0.2620079  0.08247427 0.05892869 0.16042034 0.05102864 0.44481888]
 [0.1998701  0.16830508 0.05937813 0.1547273  0.04581068 0.375653  ]
 [0.2327656  0.02820065 0.03378141 0.288384   0.05520554 0.39470112]
 [0.04873662 0.01208312 0.06910345 0.08961704 0.71042216 0.04547799]
 [0.09546962 0.14923938 0.47107926 0.07433313 0.14679018 0.14065498]
 [0.02992763 0.20159194 0.45462492 0.0367525  0.11400381 0.09060588]
 [0.22275738 0.07281092 0.03153446 0.17019151 0.02845899 0.48492628]
 [0.09593108 0.3821649  0.08640622 0.10068811 0.08810288 0.2629454 ]
 [0.14268108 0.22433552 0.04115524 0.12277454 0.08709013 0.37731814]
 [0.32095072 0.03207093 0.0553738  0.11201605 0.11647703 0.39249152]
 [0.02380873 0.14400448 0.01879003 0.17817813 0.08518609 0.59771854]
 [0.26851246 0.09173157 0.3131263  0.09891834 0.07794181 0.1895156 ]
 [0.1008644  0.10000311 0.06027622 0.08114628 0.5236288  0.15863624]]
INFO:root:Labels: [[0. 0. 0. 1. 0. 0.]
 [0. 0. 0. 0. 1. 0.]
 [0. 0. 0. 0. 0. 1.]
 [0. 0. 0. 1. 0. 0.]
 [0. 0. 0. 0. 0. 1.]
 [0. 0. 0. 1. 0. 0.]
 [0. 0. 1. 0. 0. 0.]
 [0. 0. 0. 0. 0. 1.]
 [1. 0. 0. 0. 0. 0.]
 [0. 1. 0. 0. 0. 0.]
 [0. 0. 0. 1. 0. 0.]
 [1. 0. 0. 0. 0. 0.]
 [0. 0. 0. 0. 0. 1.]
 [0. 0. 0. 1. 0. 0.]
 [0. 0. 0. 1. 0. 0.]
 [0. 0. 0. 0. 0. 1.]
 [0. 0. 0. 0. 0. 1.]
 [1. 0. 0. 0. 0. 0.]
 [0. 1. 0. 0. 0. 0.]
 [0. 0. 0. 0. 0. 1.]
 [0. 1. 0. 0. 0. 0.]
 [0. 0. 0. 0. 0. 1.]
 [0. 1. 0. 0. 0. 0.]
 [0. 0. 1. 0. 0. 0.]
 [0. 0. 0. 0. 1. 0.]
 [0. 0. 0. 0. 0. 1.]
 [0. 0. 0. 0. 0. 1.]
 [1. 0. 0. 0. 0. 0.]
 [0. 0. 1. 0. 0. 0.]
 [1. 0. 0. 0. 0. 0.]
 [0. 1. 0. 0. 0. 0.]
 [0. 0. 0. 0. 0. 1.]], Predictions: [[0.09694531 0.13921008 0.32817245 0.15975375 0.1910127  0.14293927]
 [0.04918161 0.02297784 0.03411129 0.09731808 0.67070436 0.16203563]
 [0.10204617 0.27067292 0.20518294 0.14891087 0.13342072 0.19547808]
 [0.04781261 0.11559372 0.01993886 0.1980339  0.06520883 0.5982741 ]
 [0.15163043 0.17596503 0.18653642 0.13731834 0.10976361 0.22094724]
 [0.17559929 0.06241031 0.01489761 0.19128036 0.03717953 0.5029208 ]
 [0.11558753 0.228553   0.21348031 0.09744983 0.1117749  0.24679996]
 [0.11758915 0.06202924 0.02736495 0.23251504 0.12415878 0.45713946]
 [0.10000262 0.30630466 0.09165999 0.15840232 0.20172252 0.1817658 ]
 [0.10664038 0.10425299 0.04483969 0.22564818 0.05954472 0.47015926]
 [0.18636128 0.02911881 0.03473454 0.24813956 0.09248003 0.42476648]
 [0.31647202 0.04587627 0.01956103 0.18628508 0.03353063 0.46506333]
 [0.23102733 0.06150733 0.05827261 0.15468623 0.03809567 0.50745445]
 [0.3508816  0.07365152 0.12506185 0.19310383 0.07251824 0.2511764 ]
 [0.15603514 0.2718125  0.06263595 0.11460789 0.0438821  0.3567823 ]
 [0.1991786  0.04325292 0.01961662 0.14675038 0.04905575 0.58703387]
 [0.11879879 0.1327126  0.03365662 0.20059547 0.07193098 0.46774104]
 [0.24061084 0.01183731 0.03456853 0.22291853 0.270834   0.15895702]
 [0.06366262 0.12885274 0.05500326 0.13077918 0.36267585 0.17564256]
 [0.24783629 0.02083059 0.01986753 0.19267935 0.02938424 0.5196499 ]
 [0.06129263 0.19356969 0.05323141 0.03997312 0.4904728  0.10895197]
 [0.11270171 0.03345625 0.01675173 0.3593305  0.050074   0.4816146 ]
 [0.24969609 0.09590834 0.03018655 0.13743316 0.01915114 0.4601503 ]
 [0.13465054 0.21181983 0.2520178  0.08605806 0.15140225 0.20722651]
 [0.0297005  0.00202669 0.02212188 0.14060855 0.7301525  0.04560179]
 [0.30241376 0.03906652 0.01319204 0.17045186 0.02165437 0.5005526 ]
 [0.24624512 0.03381351 0.03205983 0.19434431 0.074338   0.4667856 ]
 [0.18015185 0.05783448 0.48932534 0.08532975 0.11462112 0.11711753]
 [0.0529635  0.22282782 0.5362181  0.04162737 0.05828349 0.11976548]
 [0.17486262 0.0778298  0.18893601 0.28054008 0.0960719  0.15760297]
 [0.10510805 0.27832854 0.05530343 0.17607537 0.10769375 0.31104022]
 [0.04584792 0.06197303 0.01573079 0.2671885  0.05998938 0.6130874 ]]
INFO:root:Labels: [[0. 0. 0. 0. 0. 1.]
 [0. 0. 0. 0. 1. 0.]
 [1. 0. 0. 0. 0. 0.]
 [0. 0. 0. 0. 1. 0.]
 [1. 0. 0. 0. 0. 0.]
 [1. 0. 0. 0. 0. 0.]
 [0. 0. 0. 1. 0. 0.]
 [0. 1. 0. 0. 0. 0.]
 [0. 0. 0. 0. 1. 0.]
 [0. 0. 0. 0. 0. 1.]
 [0. 0. 0. 0. 0. 1.]
 [0. 0. 0. 0. 0. 1.]
 [1. 0. 0. 0. 0. 0.]
 [0. 0. 1. 0. 0. 0.]
 [0. 0. 1. 0. 0. 0.]
 [0. 0. 0. 1. 0. 0.]
 [0. 1. 0. 0. 0. 0.]
 [1. 0. 0. 0. 0. 0.]
 [0. 0. 0. 0. 0. 1.]
 [0. 1. 0. 0. 0. 0.]
 [0. 1. 0. 0. 0. 0.]
 [0. 0. 0. 1. 0. 0.]
 [0. 0. 0. 1. 0. 0.]
 [0. 0. 0. 0. 0. 1.]
 [0. 0. 0. 1. 0. 0.]
 [0. 0. 0. 0. 1. 0.]
 [1. 0. 0. 0. 0. 0.]
 [0. 0. 0. 0. 0. 1.]
 [0. 0. 0. 0. 0. 1.]
 [0. 0. 0. 0. 0. 1.]
 [0. 0. 0. 0. 0. 1.]
 [1. 0. 0. 0. 0. 0.]], Predictions: [[0.06471537 0.177574   0.01845145 0.11542903 0.03872555 0.60701346]
 [0.18785429 0.04123238 0.04897124 0.23460926 0.192524   0.31582978]
 [0.15811278 0.04095825 0.03204172 0.16270943 0.29626536 0.3722331 ]
 [0.10639247 0.17237292 0.06037245 0.14131995 0.09563437 0.42828608]
 [0.29013667 0.0873943  0.06268163 0.14006416 0.09889095 0.340796  ]
 [0.5009947  0.03285289 0.20414498 0.09732532 0.09222806 0.12707935]
 [0.14060484 0.17712843 0.2095529  0.14344206 0.18755792 0.19771747]
 [0.04721308 0.1388882  0.5823891  0.07742093 0.08836012 0.08004554]
 [0.09833685 0.06320827 0.06937966 0.2856948  0.31222787 0.23998666]
 [0.29780713 0.10109583 0.05058484 0.12969483 0.11278949 0.3177082 ]
 [0.30642882 0.07942512 0.04181032 0.2217665  0.08310701 0.33426178]
 [0.0669317  0.06266825 0.73075396 0.06725973 0.06778063 0.08180046]
 [0.30907434 0.04708097 0.41659886 0.06633096 0.03624012 0.08468067]
 [0.07115697 0.14356206 0.54020756 0.11245165 0.07758658 0.09724583]
 [0.19390585 0.13582176 0.15124589 0.1542735  0.02785464 0.32577464]
 [0.07242445 0.09833279 0.09868416 0.20080155 0.07276823 0.4583257 ]
 [0.1511234  0.22562172 0.0943261  0.2639585  0.09648605 0.23502228]
 [0.23369169 0.07991429 0.06641153 0.19515248 0.04666498 0.40985024]
 [0.05284497 0.15497652 0.27025342 0.16709565 0.12576658 0.19371694]
 [0.13527106 0.20385653 0.12116834 0.06836993 0.15986866 0.33602232]
 [0.11052421 0.0720257  0.14721784 0.15225421 0.373517   0.136486  ]
 [0.22952688 0.14346364 0.0433086  0.1731083  0.02473847 0.4041328 ]
 [0.24443248 0.08712275 0.0317279  0.15178618 0.02855102 0.46348754]
 [0.00942792 0.04464601 0.85769516 0.03737645 0.03803668 0.03490111]
 [0.19209175 0.10417489 0.33995518 0.12987626 0.10132645 0.10929858]
 [0.11697259 0.01145416 0.0350631  0.13986556 0.55150396 0.13677481]
 [0.3285491  0.08900163 0.08838376 0.13481247 0.06662748 0.31500062]
 [0.11226392 0.24983965 0.3551538  0.08838578 0.09183187 0.1405775 ]
 [0.07788979 0.13293202 0.11265457 0.13056532 0.30241784 0.17187212]
 [0.07557096 0.12017753 0.02392664 0.1390999  0.09981741 0.5659025 ]
 [0.22649314 0.06775224 0.08052745 0.2552209  0.1593878  0.19953567]
 [0.22133334 0.14088954 0.06347533 0.22189197 0.03516515 0.3454041 ]]
INFO:root:Labels: [[0. 1. 0. 0. 0. 0.]
 [0. 0. 0. 0. 0. 1.]
 [0. 0. 0. 0. 0. 1.]
 [0. 0. 0. 0. 0. 1.]
 [0. 1. 0. 0. 0. 0.]
 [1. 0. 0. 0. 0. 0.]
 [1. 0. 0. 0. 0. 0.]
 [0. 0. 0. 0. 1. 0.]
 [0. 0. 0. 0. 1. 0.]
 [0. 0. 0. 0. 0. 1.]
 [0. 0. 0. 1. 0. 0.]
 [0. 0. 0. 0. 0. 1.]
 [1. 0. 0. 0. 0. 0.]
 [1. 0. 0. 0. 0. 0.]
 [0. 1. 0. 0. 0. 0.]
 [1. 0. 0. 0. 0. 0.]
 [0. 0. 1. 0. 0. 0.]
 [1. 0. 0. 0. 0. 0.]
 [0. 0. 1. 0. 0. 0.]
 [0. 0. 0. 1. 0. 0.]
 [0. 0. 1. 0. 0. 0.]
 [0. 0. 0. 0. 0. 1.]
 [0. 0. 1. 0. 0. 0.]
 [0. 0. 0. 0. 0. 1.]
 [0. 0. 0. 0. 1. 0.]
 [0. 0. 0. 0. 0. 1.]
 [0. 1. 0. 0. 0. 0.]
 [1. 0. 0. 0. 0. 0.]
 [0. 0. 0. 0. 0. 1.]
 [0. 0. 0. 1. 0. 0.]
 [0. 0. 1. 0. 0. 0.]
 [0. 0. 0. 0. 1. 0.]], Predictions: [[0.08244379 0.1261701  0.05305649 0.20028162 0.05744708 0.5390621 ]
 [0.43961188 0.01611519 0.0177728  0.08507373 0.05131135 0.45974034]
 [0.15595168 0.10043843 0.02520831 0.12205441 0.04569713 0.56279266]
 [0.19924013 0.11993504 0.05475522 0.17671299 0.07257379 0.38053495]
 [0.04752032 0.16619188 0.05251415 0.11897253 0.22212358 0.41900176]
 [0.17067346 0.03065556 0.01739906 0.2290651  0.03845393 0.54680645]
 [0.07768246 0.02298895 0.04437506 0.12930927 0.51753026 0.20383394]
 [0.04730201 0.32294866 0.2689587  0.02779501 0.10626282 0.18228905]
 [0.19742723 0.09309693 0.04569368 0.16972618 0.05422131 0.4415557 ]
 [0.21263836 0.1413025  0.07261895 0.23835604 0.07334973 0.29647014]
 [0.09588773 0.01897498 0.05746159 0.21199234 0.41311544 0.16126564]
 [0.14324689 0.2712036  0.25403392 0.04078367 0.11270469 0.1545431 ]
 [0.14504738 0.20861715 0.3060523  0.0821496  0.10949965 0.19795784]
 [0.18355575 0.21648964 0.0511995  0.159928   0.04338486 0.36718112]
 [0.0750289  0.06745727 0.72752506 0.0315147  0.02115731 0.08389429]
 [0.05997534 0.07232212 0.09854548 0.09348521 0.5725791  0.13194339]
 [0.17712583 0.23482704 0.1969742  0.12991504 0.10529577 0.21160914]
 [0.16526599 0.11550004 0.5204631  0.04049158 0.03304719 0.13604511]
 [0.07256163 0.39492038 0.16398421 0.03272466 0.06159377 0.2457248 ]
 [0.10909586 0.01826782 0.04746645 0.24870846 0.34436914 0.21936406]
 [0.21078491 0.06736656 0.16247328 0.17834215 0.08860415 0.2982561 ]
 [0.27871293 0.05048542 0.02784596 0.11493652 0.05677464 0.49161524]
 [0.10581125 0.06066811 0.28817445 0.12978885 0.259086   0.15088856]
 [0.1941843  0.06596544 0.0960789  0.3271689  0.05476441 0.19428368]
 [0.00626431 0.00176942 0.00503611 0.02193896 0.91665673 0.04459358]
 [0.16520347 0.16366063 0.05630165 0.19630553 0.07540189 0.34645227]
 [0.2533484  0.03361141 0.01350411 0.18009262 0.02033548 0.550808  ]
 [0.2128568  0.07121406 0.4665575  0.05716249 0.06232325 0.11647561]
 [0.13051334 0.04141362 0.03917722 0.3514203  0.0417567  0.4325013 ]
 [0.1524256  0.01127997 0.0517651  0.26365712 0.2531149  0.20513956]
 [0.21001065 0.02801016 0.04038972 0.17792182 0.21432482 0.37543967]
 [0.10425471 0.13683939 0.5162181  0.11990872 0.10728638 0.12825914]]
INFO:root:Labels: [[0. 0. 0. 0. 0. 1.]
 [1. 0. 0. 0. 0. 0.]
 [1. 0. 0. 0. 0. 0.]
 [0. 0. 0. 1. 0. 0.]
 [1. 0. 0. 0. 0. 0.]
 [0. 0. 0. 0. 1. 0.]
 [0. 0. 1. 0. 0. 0.]
 [0. 0. 0. 1. 0. 0.]
 [1. 0. 0. 0. 0. 0.]
 [0. 0. 0. 1. 0. 0.]
 [0. 0. 1. 0. 0. 0.]
 [0. 0. 0. 0. 1. 0.]
 [1. 0. 0. 0. 0. 0.]
 [0. 0. 0. 0. 1. 0.]
 [0. 1. 0. 0. 0. 0.]
 [0. 0. 0. 0. 1. 0.]
 [0. 1. 0. 0. 0. 0.]
 [0. 0. 0. 1. 0. 0.]
 [0. 0. 0. 0. 0. 1.]
 [0. 0. 0. 0. 0. 1.]
 [0. 0. 0. 0. 0. 1.]
 [0. 0. 1. 0. 0. 0.]
 [0. 0. 0. 0. 1. 0.]
 [0. 1. 0. 0. 0. 0.]
 [0. 1. 0. 0. 0. 0.]
 [0. 0. 0. 1. 0. 0.]
 [0. 0. 0. 1. 0. 0.]
 [0. 1. 0. 0. 0. 0.]
 [0. 1. 0. 0. 0. 0.]
 [0. 0. 0. 1. 0. 0.]
 [0. 0. 0. 0. 0. 1.]
 [0. 0. 0. 1. 0. 0.]], Predictions: [[0.24158491 0.04236631 0.00515235 0.15386836 0.0045636  0.524347  ]
 [0.1853892  0.03583547 0.05270262 0.08006981 0.24686293 0.33694354]
 [0.18462272 0.21414326 0.13732876 0.08760103 0.11433665 0.2733282 ]
 [0.21738541 0.08463334 0.04029042 0.26349157 0.01855695 0.35907364]
 [0.24784288 0.13631319 0.27952677 0.1443647  0.07441569 0.18115953]
 [0.2068693  0.07675602 0.03162483 0.31022388 0.06590926 0.31744948]
 [0.14404581 0.03719424 0.18242255 0.29858154 0.17537238 0.12554441]
 [0.09269979 0.26424178 0.14298087 0.15189359 0.22333954 0.16492799]
 [0.17996068 0.0413313  0.04203756 0.16954322 0.22191876 0.34302276]
 [0.13082619 0.16502377 0.11493415 0.2936248  0.10471805 0.24300088]
 [0.09949233 0.30333367 0.17208333 0.07048822 0.1778136  0.1810608 ]
 [0.07345632 0.12937585 0.06596141 0.13270926 0.48891568 0.14053006]
 [0.25417098 0.05170227 0.03677909 0.19006121 0.05541489 0.4739682 ]
 [0.07445339 0.09006263 0.14643703 0.12362965 0.40774322 0.18815152]
 [0.15300165 0.17036805 0.07362427 0.3167152  0.05100474 0.3046871 ]
 [0.04345379 0.01082887 0.03555866 0.10607537 0.73747224 0.08994368]
 [0.16179375 0.29681066 0.11713373 0.07023857 0.09247194 0.29306328]
 [0.30974302 0.02232654 0.01392424 0.17716964 0.02349412 0.51986337]
 [0.18960775 0.0609121  0.05838103 0.2644654  0.05583409 0.3455371 ]
 [0.11526    0.22565866 0.04085683 0.10265975 0.09911822 0.4638505 ]
 [0.26379696 0.04730015 0.03889246 0.14669077 0.09678271 0.45525596]
 [0.14095695 0.08162577 0.5023398  0.14581555 0.08219113 0.11288963]
 [0.03838896 0.01480228 0.03471746 0.06070868 0.77907145 0.08336304]
 [0.14419378 0.24065192 0.09076697 0.1455315  0.17277719 0.178252  ]
 [0.23840295 0.01969068 0.01784636 0.12992989 0.13916872 0.40837353]
 [0.18976876 0.03701721 0.19374467 0.15025589 0.30037847 0.12855491]
 [0.07968247 0.07770641 0.0254261  0.32030725 0.04995389 0.44518209]
 [0.15817662 0.27699038 0.2928296  0.02671637 0.03625148 0.22162919]
 [0.1516632  0.34396076 0.13674909 0.04624534 0.06433252 0.27945992]
 [0.20829973 0.05684504 0.03395803 0.2732769  0.02544795 0.41050318]
 [0.12753083 0.30210894 0.18827997 0.0504923  0.08283789 0.26743883]
 [0.24612345 0.01708123 0.02521522 0.19303091 0.12107024 0.4118934 ]]
INFO:root:Labels: [[0. 0. 0. 0. 0. 1.]
 [1. 0. 0. 0. 0. 0.]
 [0. 0. 1. 0. 0. 0.]
 [0. 0. 0. 0. 0. 1.]
 [1. 0. 0. 0. 0. 0.]
 [1. 0. 0. 0. 0. 0.]
 [0. 0. 0. 0. 0. 1.]
 [0. 1. 0. 0. 0. 0.]
 [0. 0. 0. 0. 0. 1.]
 [0. 0. 0. 0. 0. 1.]
 [0. 1. 0. 0. 0. 0.]
 [1. 0. 0. 0. 0. 0.]
 [0. 0. 0. 0. 1. 0.]
 [0. 0. 1. 0. 0. 0.]
 [0. 0. 0. 0. 0. 1.]
 [0. 0. 1. 0. 0. 0.]
 [0. 0. 0. 0. 0. 1.]
 [0. 0. 0. 0. 1. 0.]
 [0. 0. 1. 0. 0. 0.]
 [0. 0. 0. 0. 0. 1.]
 [0. 0. 0. 0. 1. 0.]
 [1. 0. 0. 0. 0. 0.]
 [0. 1. 0. 0. 0. 0.]
 [0. 0. 0. 0. 0. 1.]
 [1. 0. 0. 0. 0. 0.]
 [0. 0. 0. 1. 0. 0.]
 [0. 0. 0. 1. 0. 0.]
 [0. 0. 0. 0. 1. 0.]
 [1. 0. 0. 0. 0. 0.]
 [0. 0. 0. 1. 0. 0.]
 [0. 0. 0. 0. 0. 1.]
 [0. 0. 0. 0. 0. 1.]], Predictions: [[0.09752503 0.01219423 0.05912748 0.07308355 0.5712307  0.1315679 ]
 [0.24020924 0.05839943 0.01815004 0.13806823 0.01782941 0.5235662 ]
 [0.10107047 0.10091569 0.311993   0.09010708 0.17593667 0.17693824]
 [0.09901306 0.21580109 0.07304643 0.12051099 0.08594309 0.43576178]
 [0.32595006 0.04191858 0.15441836 0.15357535 0.23464094 0.10354635]
 [0.13591462 0.27205825 0.09644299 0.09885176 0.14803827 0.29900867]
 [0.115541   0.1578303  0.02172326 0.20390362 0.03987826 0.46990317]
 [0.15565394 0.13799948 0.04540531 0.12029167 0.09446181 0.47766384]
 [0.06359863 0.06195335 0.02310801 0.27172542 0.03170023 0.5746119 ]
 [0.0556936  0.03397143 0.04503803 0.15209505 0.5984685  0.17482601]
 [0.13948359 0.07097928 0.06503832 0.427281   0.05558031 0.18326311]
 [0.17744821 0.05585199 0.5852034  0.02460262 0.01901072 0.10887389]
 [0.09146695 0.13932765 0.21852458 0.1849707  0.2811772  0.10941591]
 [0.2606256  0.04733127 0.4195813  0.03881348 0.03627338 0.17413321]
 [0.25385967 0.11267439 0.1249286  0.12788606 0.05032368 0.32747346]
 [0.09669001 0.14318602 0.38999212 0.14711104 0.13951756 0.15598686]
 [0.11576875 0.29220417 0.05868369 0.15451276 0.10011195 0.33850774]
 [0.12049045 0.24291605 0.22300419 0.10204717 0.08093338 0.29091507]
 [0.11484581 0.19676037 0.3519003  0.14244202 0.08966562 0.154294  ]
 [0.09785351 0.12758233 0.1317949  0.16357067 0.32299662 0.16691683]
 [0.07946186 0.16409744 0.45282677 0.14904425 0.07968763 0.14144653]
 [0.33722854 0.14920446 0.20395681 0.06565213 0.04204166 0.25103393]
 [0.16586755 0.33220968 0.14661704 0.10712682 0.05648135 0.25592303]
 [0.20781258 0.14067341 0.05245091 0.16771235 0.02312583 0.41810438]
 [0.2752726  0.0510249  0.01792115 0.17697565 0.01988277 0.47854006]
 [0.04797975 0.16135667 0.62303615 0.05497289 0.06020911 0.11726583]
 [0.11038584 0.18152279 0.05695941 0.23267052 0.10622196 0.3517592 ]
 [0.07336531 0.19302054 0.06432025 0.12012531 0.38126245 0.16211464]
 [0.14967667 0.23223631 0.0330183  0.12425313 0.03929893 0.42061758]
 [0.16499819 0.1532225  0.03915251 0.19415851 0.06488127 0.42090672]
 [0.24556114 0.06307054 0.03265084 0.14013864 0.04210888 0.4891784 ]
 [0.10233966 0.08841692 0.01292701 0.10864908 0.02448392 0.6493303 ]]
INFO:root:Labels: [[1. 0. 0. 0. 0. 0.]
 [1. 0. 0. 0. 0. 0.]
 [0. 0. 1. 0. 0. 0.]
 [0. 0. 0. 0. 0. 1.]
 [0. 0. 0. 0. 0. 1.]
 [0. 1. 0. 0. 0. 0.]
 [0. 0. 0. 0. 0. 1.]
 [0. 0. 0. 0. 0. 1.]
 [0. 0. 0. 0. 0. 1.]
 [0. 1. 0. 0. 0. 0.]
 [0. 0. 1. 0. 0. 0.]
 [0. 0. 0. 0. 0. 1.]
 [0. 0. 0. 0. 0. 1.]
 [1. 0. 0. 0. 0. 0.]
 [0. 1. 0. 0. 0. 0.]
 [0. 0. 1. 0. 0. 0.]
 [1. 0. 0. 0. 0. 0.]
 [0. 0. 0. 0. 1. 0.]
 [0. 0. 1. 0. 0. 0.]
 [0. 1. 0. 0. 0. 0.]
 [0. 0. 0. 0. 0. 1.]
 [0. 0. 0. 0. 1. 0.]
 [0. 1. 0. 0. 0. 0.]
 [0. 0. 0. 0. 1. 0.]
 [0. 0. 0. 0. 0. 1.]
 [0. 0. 0. 0. 0. 1.]
 [1. 0. 0. 0. 0. 0.]
 [0. 0. 0. 0. 0. 1.]
 [0. 0. 0. 1. 0. 0.]
 [0. 0. 0. 0. 1. 0.]
 [1. 0. 0. 0. 0. 0.]
 [0. 1. 0. 0. 0. 0.]], Predictions: [[0.13501544 0.03913835 0.08219838 0.21098062 0.41710415 0.07911132]
 [0.2793368  0.02778146 0.19246921 0.20270564 0.09190941 0.13775715]
 [0.06402165 0.23769736 0.3655901  0.10382096 0.08901009 0.13074663]
 [0.16432317 0.09091628 0.0317875  0.16083707 0.05122413 0.49856573]
 [0.07359932 0.06557411 0.0177856  0.22792083 0.02878985 0.6103851 ]
 [0.09759909 0.30412877 0.11625791 0.11000578 0.13865387 0.24795094]
 [0.12753083 0.30210894 0.18827997 0.0504923  0.08283789 0.26743883]
 [0.15327464 0.32137412 0.09343247 0.04429353 0.07734681 0.35472593]
 [0.13775434 0.04041845 0.0126763  0.1940331  0.01543305 0.61021936]
 [0.44455853 0.07943359 0.18256862 0.07837598 0.05621409 0.23345776]
 [0.34612072 0.03108776 0.24328841 0.07217537 0.08564066 0.20273624]
 [0.18811175 0.19705106 0.03660772 0.14867069 0.03860058 0.41523173]
 [0.12359539 0.02599543 0.01488428 0.25302705 0.04257043 0.58191544]
 [0.1787348  0.13436827 0.40294805 0.12167782 0.09355771 0.12085874]
 [0.13882877 0.07008545 0.31226593 0.16911592 0.18196253 0.16157812]
 [0.15958129 0.2971839  0.1298555  0.04009419 0.05038845 0.35885632]
 [0.1577972  0.05401917 0.04808656 0.16176383 0.0984164  0.46850792]
 [0.04684165 0.10965022 0.08796301 0.09769079 0.5420494  0.10488949]
 [0.0469465  0.08323833 0.61383206 0.11585228 0.10363502 0.08938193]
 [0.17965876 0.2096426  0.16640545 0.15541486 0.08665035 0.26305494]
 [0.12637295 0.19420551 0.16069305 0.10342485 0.12438805 0.29360837]
 [0.17034473 0.02761538 0.09781353 0.15762173 0.3956029  0.11883234]
 [0.38748753 0.08929628 0.25120732 0.0592045  0.05003683 0.18928443]
 [0.08581556 0.1440614  0.06499948 0.27152628 0.13921219 0.3593545 ]
 [0.10907541 0.04832382 0.02176725 0.22718468 0.01891556 0.5995006 ]
 [0.11659066 0.10221379 0.27542245 0.08272836 0.32981837 0.11644229]
 [0.25356725 0.09948961 0.05447337 0.1340923  0.04484976 0.46023154]
 [0.26259798 0.06626613 0.03571443 0.19066896 0.05283844 0.4524539 ]
 [0.17862344 0.02216804 0.05913775 0.28031117 0.12475684 0.31506988]
 [0.06039501 0.06675012 0.1093872  0.21563268 0.5118334  0.11191311]
 [0.14996545 0.2615726  0.16106433 0.0819412  0.08649737 0.34267113]
 [0.07654063 0.11070742 0.6450253  0.07227185 0.07400004 0.0883933 ]]
INFO:root:Labels: [[1. 0. 0. 0. 0. 0.]
 [0. 0. 0. 1. 0. 0.]
 [0. 0. 1. 0. 0. 0.]
 [0. 0. 0. 1. 0. 0.]
 [0. 1. 0. 0. 0. 0.]
 [1. 0. 0. 0. 0. 0.]
 [0. 0. 0. 0. 0. 1.]
 [1. 0. 0. 0. 0. 0.]
 [0. 0. 0. 0. 1. 0.]
 [0. 0. 1. 0. 0. 0.]
 [1. 0. 0. 0. 0. 0.]
 [0. 0. 0. 1. 0. 0.]
 [0. 0. 0. 0. 0. 1.]
 [0. 0. 0. 1. 0. 0.]
 [0. 0. 0. 1. 0. 0.]
 [0. 0. 1. 0. 0. 0.]
 [0. 0. 0. 0. 1. 0.]
 [0. 0. 0. 1. 0. 0.]
 [0. 0. 0. 0. 0. 1.]
 [0. 0. 0. 0. 0. 1.]
 [0. 1. 0. 0. 0. 0.]
 [0. 0. 0. 1. 0. 0.]
 [0. 0. 1. 0. 0. 0.]
 [0. 0. 0. 0. 0. 1.]
 [1. 0. 0. 0. 0. 0.]
 [0. 0. 0. 1. 0. 0.]
 [0. 0. 0. 0. 1. 0.]
 [0. 0. 0. 0. 0. 1.]
 [0. 0. 0. 0. 0. 1.]
 [0. 1. 0. 0. 0. 0.]
 [0. 0. 0. 0. 1. 0.]
 [0. 0. 0. 0. 0. 1.]], Predictions: [[0.11638035 0.19786929 0.11352914 0.13613835 0.20488882 0.2700219 ]
 [0.08389717 0.05898148 0.04029122 0.42981526 0.0447622  0.4026287 ]
 [0.46062177 0.09307145 0.1259056  0.01885329 0.0171297  0.18271881]
 [0.08289385 0.08570234 0.04549562 0.15154721 0.14991459 0.5595787 ]
 [0.05074297 0.29966053 0.43346953 0.02645342 0.0501114  0.14918561]
 [0.2641735  0.2236715  0.20815903 0.06534203 0.09555993 0.20456076]
 [0.14585422 0.06604123 0.02393599 0.15428488 0.04111527 0.5696802 ]
 [0.21352105 0.14027277 0.24477518 0.13568637 0.12398159 0.19536999]
 [0.1339177  0.12709555 0.34692994 0.14513758 0.1643483  0.15293297]
 [0.12194992 0.02360069 0.18222879 0.11581288 0.43222833 0.08739219]
 [0.23106699 0.17387378 0.08187212 0.08873776 0.16270159 0.25362393]
 [0.23382686 0.04733387 0.28545916 0.14310206 0.22303008 0.08098134]
 [0.15937296 0.3257235  0.08914538 0.10744783 0.1077368  0.25124213]
 [0.09169282 0.17596179 0.19284779 0.22344428 0.08504551 0.252978  ]
 [0.19713147 0.15822232 0.05225732 0.18931274 0.03639754 0.40122643]
 [0.09174196 0.16481395 0.28645888 0.1570285  0.15290047 0.19497298]
 [0.07031377 0.04251894 0.03585031 0.19390486 0.44829145 0.23112632]
 [0.11277074 0.02282895 0.04341768 0.39628887 0.16790177 0.18194114]
 [0.26867518 0.0636951  0.10051556 0.17421664 0.10419279 0.29702756]
 [0.13625875 0.13704334 0.17736508 0.10677791 0.15315528 0.2937472 ]
 [0.09528034 0.29794306 0.26050234 0.11743781 0.09827923 0.15667579]
 [0.19625555 0.01727778 0.15061809 0.27833784 0.1350916  0.09868418]
 [0.17229407 0.09854048 0.13960621 0.14763181 0.15507843 0.30646124]
 [0.17798679 0.20438522 0.08828618 0.08135484 0.0534207  0.40366378]
 [0.18770163 0.03399707 0.02013467 0.1698314  0.02828113 0.5740052 ]
 [0.20368032 0.00823757 0.06840589 0.30599692 0.18690017 0.11213648]
 [0.13621305 0.0234484  0.02628138 0.3353644  0.16208191 0.34064195]
 [0.21764518 0.10129128 0.04734685 0.25208595 0.02775791 0.38680902]
 [0.3242494  0.08513714 0.3554506  0.04377226 0.02941859 0.13543542]
 [0.17620814 0.123096   0.05877434 0.11982284 0.1419803  0.4008619 ]
 [0.18345521 0.0227321  0.08433675 0.19262251 0.29476818 0.1615306 ]
 [0.15613905 0.05893207 0.12022509 0.19612409 0.22352135 0.28049526]]
INFO:root:Labels: [[0. 0. 0. 0. 1. 0.]
 [0. 0. 1. 0. 0. 0.]
 [1. 0. 0. 0. 0. 0.]
 [0. 0. 0. 0. 0. 1.]
 [0. 0. 0. 0. 0. 1.]
 [1. 0. 0. 0. 0. 0.]
 [0. 0. 0. 0. 0. 1.]
 [0. 0. 0. 0. 0. 1.]
 [0. 0. 0. 0. 1. 0.]
 [0. 1. 0. 0. 0. 0.]
 [0. 0. 0. 0. 1. 0.]
 [1. 0. 0. 0. 0. 0.]
 [0. 0. 0. 0. 1. 0.]
 [1. 0. 0. 0. 0. 0.]
 [0. 0. 0. 0. 1. 0.]
 [0. 0. 0. 0. 0. 1.]
 [1. 0. 0. 0. 0. 0.]
 [0. 0. 0. 0. 0. 1.]
 [0. 0. 1. 0. 0. 0.]
 [0. 0. 0. 0. 1. 0.]
 [1. 0. 0. 0. 0. 0.]
 [0. 0. 0. 1. 0. 0.]
 [0. 0. 1. 0. 0. 0.]
 [0. 0. 0. 0. 0. 1.]
 [0. 0. 0. 0. 1. 0.]
 [0. 0. 0. 0. 1. 0.]
 [1. 0. 0. 0. 0. 0.]
 [0. 0. 0. 0. 0. 1.]
 [0. 0. 0. 0. 0. 1.]
 [0. 1. 0. 0. 0. 0.]
 [0. 0. 0. 0. 0. 1.]
 [0. 0. 0. 0. 0. 1.]], Predictions: [[0.04802639 0.14185874 0.10756356 0.12064271 0.47751582 0.10302317]
 [0.0479032  0.01159812 0.183056   0.29950726 0.27019668 0.04806742]
 [0.27719864 0.01681196 0.02876537 0.20367232 0.11905073 0.3804429 ]
 [0.208122   0.07908047 0.04102027 0.23754427 0.08343191 0.4130241 ]
 [0.12066788 0.06629061 0.01465167 0.2822678  0.02032997 0.49780312]
 [0.15202287 0.05669417 0.07666648 0.34853008 0.10343301 0.2783474 ]
 [0.33504102 0.03248135 0.03887806 0.15452139 0.06125175 0.4707153 ]
 [0.0732601  0.05168949 0.2309799  0.07199655 0.4586976  0.13422027]
 [0.07184775 0.07678885 0.08620951 0.29526374 0.1702344  0.34020826]
 [0.15164806 0.12607491 0.18847728 0.11240828 0.15124112 0.20862082]
 [0.15654027 0.0084099  0.0540792  0.18858248 0.241258   0.20853876]
 [0.06419986 0.3295745  0.02759778 0.11914816 0.05526072 0.4160769 ]
 [0.07401558 0.06082335 0.25537246 0.20661901 0.32997727 0.09106274]
 [0.40256822 0.03413369 0.04510138 0.13923195 0.074186   0.39091957]
 [0.17611627 0.07972229 0.06307023 0.232696   0.1395316  0.3538846 ]
 [0.07604234 0.04993508 0.02790201 0.3688088  0.05063193 0.4961793 ]
 [0.18723135 0.10378337 0.4278449  0.10957723 0.10300829 0.11232044]
 [0.26845542 0.02963929 0.4898764  0.05041876 0.03773705 0.08586822]
 [0.1235652  0.27541545 0.15970853 0.10636511 0.15354642 0.21505012]
 [0.16277966 0.01479621 0.02675761 0.12260795 0.31203195 0.37281156]
 [0.34675094 0.03255301 0.10334345 0.19361097 0.15133186 0.21872962]
 [0.10325251 0.38488656 0.08575218 0.09628456 0.09803247 0.27608854]
 [0.29703456 0.02954293 0.46133766 0.04060731 0.02715751 0.09289412]
 [0.06193185 0.15721403 0.56274223 0.10464668 0.09096601 0.10203092]
 [0.10683187 0.07932949 0.03208297 0.14372292 0.08266244 0.56665593]
 [0.08780587 0.14569664 0.07197108 0.28961384 0.227893   0.13891882]
 [0.2267288  0.05401437 0.02869311 0.17439535 0.04186919 0.4935733 ]
 [0.14566773 0.1114924  0.03622222 0.30689502 0.07101083 0.32525226]
 [0.26254922 0.06463681 0.01342652 0.13179742 0.00992927 0.49979255]
 [0.26102886 0.07436296 0.0415543  0.1760737  0.02804527 0.41820177]
 [0.07198406 0.16858363 0.15936542 0.22434357 0.24713162 0.17166662]
 [0.1591607  0.22468308 0.037531   0.1336088  0.03531398 0.4148749 ]]
INFO:root:Labels: [[0. 0. 0. 1. 0. 0.]
 [0. 0. 0. 0. 0. 1.]
 [0. 0. 0. 0. 0. 1.]
 [0. 0. 0. 0. 0. 1.]
 [0. 0. 0. 0. 0. 1.]
 [0. 0. 0. 0. 1. 0.]
 [1. 0. 0. 0. 0. 0.]
 [0. 0. 0. 0. 0. 1.]
 [0. 0. 0. 1. 0. 0.]
 [0. 0. 0. 1. 0. 0.]
 [0. 0. 0. 0. 0. 1.]
 [0. 0. 0. 0. 0. 1.]
 [0. 0. 1. 0. 0. 0.]
 [0. 0. 0. 0. 1. 0.]
 [0. 0. 0. 0. 0. 1.]
 [0. 0. 0. 0. 1. 0.]
 [0. 0. 0. 0. 1. 0.]
 [0. 0. 0. 1. 0. 0.]
 [1. 0. 0. 0. 0. 0.]
 [0. 0. 1. 0. 0. 0.]
 [0. 0. 1. 0. 0. 0.]
 [0. 0. 0. 1. 0. 0.]
 [0. 0. 0. 0. 0. 1.]
 [0. 0. 0. 1. 0. 0.]
 [0. 1. 0. 0. 0. 0.]
 [1. 0. 0. 0. 0. 0.]
 [1. 0. 0. 0. 0. 0.]
 [0. 0. 0. 0. 0. 1.]
 [0. 0. 0. 0. 0. 1.]
 [0. 0. 0. 0. 1. 0.]
 [0. 0. 0. 0. 0. 1.]
 [0. 0. 0. 0. 0. 1.]], Predictions: [[0.04174633 0.1820257  0.28111604 0.14572448 0.08808374 0.22355758]
 [0.15951154 0.03063369 0.04245476 0.18701039 0.2148051  0.36014557]
 [0.1848571  0.0215748  0.00658054 0.1566071  0.01282212 0.64064145]
 [0.31947878 0.02698825 0.03406286 0.12970087 0.10791162 0.4098729 ]
 [0.11451829 0.12325379 0.15009287 0.20576636 0.20296991 0.14605619]
 [0.05758976 0.28942132 0.05347912 0.06897061 0.0818716  0.44121894]
 [0.18943575 0.05743863 0.05285118 0.1386372  0.10813235 0.44544408]
 [0.24219072 0.07045008 0.03980667 0.21582192 0.0945719  0.41911206]
 [0.02792043 0.24761115 0.04472131 0.11531287 0.15408008 0.38814777]
 [0.09827934 0.21166778 0.05879563 0.12797311 0.08116122 0.4366162 ]
 [0.2918063  0.1046323  0.22055931 0.15327564 0.09038273 0.21593887]
 [0.13514076 0.07661474 0.03533065 0.24393421 0.11362004 0.42654583]
 [0.1323906  0.09496663 0.08672123 0.21700022 0.27573916 0.24578267]
 [0.11963917 0.18619765 0.4933729  0.06002266 0.07074282 0.15450078]
 [0.14720215 0.204809   0.06427154 0.11436423 0.0664318  0.40391576]
 [0.16751768 0.026948   0.07571997 0.13867514 0.49077424 0.08025048]
 [0.08599495 0.0748312  0.07495488 0.1183695  0.5122739  0.18677604]
 [0.09652139 0.05431408 0.08376353 0.07933589 0.48026577 0.17997044]
 [0.34947693 0.03444139 0.01872066 0.17942888 0.02725044 0.46080425]
 [0.1668639  0.16842194 0.07725623 0.12261362 0.23199451 0.24691485]
 [0.10163838 0.07413104 0.4039946  0.13018356 0.17326294 0.14818119]
 [0.09784332 0.10959396 0.13541535 0.2638472  0.24422431 0.10466699]
 [0.1461593  0.10831722 0.15737875 0.11094972 0.2641598  0.17564148]
 [0.07612136 0.08141109 0.02915238 0.28069776 0.03712855 0.5170875 ]
 [0.13685293 0.2923853  0.05252009 0.09236818 0.06755049 0.31824514]
 [0.1413279  0.08772925 0.52232754 0.04276605 0.0578733  0.16034035]
 [0.12238719 0.11017776 0.56978023 0.05860928 0.04785677 0.12318597]
 [0.19878004 0.01793323 0.00947434 0.22628838 0.03530027 0.547064  ]
 [0.18617293 0.05132538 0.05487555 0.12822308 0.23546912 0.30807802]
 [0.1375872  0.13402675 0.04732544 0.0781941  0.4325059  0.1623447 ]
 [0.21110126 0.096928   0.03017083 0.19883578 0.03013172 0.4515658 ]
 [0.13052854 0.02896978 0.05702448 0.11517087 0.39094797 0.32021442]]
INFO:root:Labels: [[0. 0. 1. 0. 0. 0.]
 [0. 0. 1. 0. 0. 0.]
 [0. 0. 0. 1. 0. 0.]
 [0. 1. 0. 0. 0. 0.]
 [0. 0. 0. 0. 1. 0.]
 [0. 0. 1. 0. 0. 0.]
 [0. 1. 0. 0. 0. 0.]
 [1. 0. 0. 0. 0. 0.]
 [0. 0. 0. 0. 0. 1.]
 [0. 0. 0. 1. 0. 0.]
 [0. 0. 0. 0. 0. 1.]
 [0. 0. 0. 0. 0. 1.]
 [0. 0. 0. 0. 0. 1.]
 [0. 1. 0. 0. 0. 0.]
 [0. 0. 0. 1. 0. 0.]
 [0. 0. 0. 1. 0. 0.]
 [0. 0. 0. 1. 0. 0.]
 [0. 0. 0. 0. 0. 1.]
 [0. 0. 0. 0. 0. 1.]
 [0. 0. 0. 0. 1. 0.]
 [1. 0. 0. 0. 0. 0.]
 [0. 0. 0. 0. 0. 1.]
 [1. 0. 0. 0. 0. 0.]
 [0. 0. 0. 0. 1. 0.]
 [1. 0. 0. 0. 0. 0.]
 [0. 0. 0. 0. 0. 1.]
 [0. 0. 0. 0. 0. 1.]
 [0. 0. 0. 0. 1. 0.]
 [0. 0. 0. 0. 1. 0.]
 [0. 0. 0. 0. 0. 1.]
 [0. 0. 0. 1. 0. 0.]
 [0. 0. 0. 1. 0. 0.]], Predictions: [[0.0890077  0.05784958 0.02780497 0.34374356 0.05614677 0.48170176]
 [0.15051556 0.18620475 0.09975196 0.3222183  0.06373344 0.23407961]
 [0.06606575 0.21969834 0.04695972 0.12707503 0.11721046 0.40960753]
 [0.15619683 0.25832775 0.14268263 0.10004492 0.02240455 0.3094536 ]
 [0.13547505 0.13780747 0.12169133 0.29373053 0.13163748 0.22588466]
 [0.09500208 0.24004762 0.12529893 0.13777065 0.22157638 0.25029305]
 [0.11083001 0.06148877 0.18166432 0.19525133 0.3432807  0.17415074]
 [0.10673171 0.07796765 0.04025251 0.16048984 0.0511068  0.5523608 ]
 [0.2432027  0.02423547 0.02166656 0.12805286 0.19973217 0.3848934 ]
 [0.30993164 0.06625844 0.36959362 0.05180403 0.07364682 0.1284699 ]
 [0.04959768 0.1419571  0.02412209 0.13891743 0.05260803 0.6277261 ]
 [0.04843381 0.34456635 0.1727048  0.0592494  0.11299156 0.20609295]
 [0.15040866 0.08287796 0.18666998 0.16502945 0.19604252 0.22594231]
 [0.10924488 0.2772314  0.14088383 0.11079764 0.0859438  0.3003158 ]
 [0.2417736  0.01373322 0.01908853 0.2330208  0.09600387 0.44479632]
 [0.07252238 0.16268934 0.03790609 0.33894548 0.04708555 0.39358985]
 [0.0859601  0.0634404  0.09962571 0.28009096 0.31829262 0.10932699]
 [0.19896844 0.02894928 0.01034294 0.11876298 0.02404087 0.6269816 ]
 [0.18701638 0.09855389 0.05842871 0.16441964 0.1079025  0.4103382 ]
 [0.05814685 0.16502632 0.13486978 0.19541506 0.31868273 0.1416278 ]
 [0.26300907 0.06178907 0.03952706 0.18484515 0.04868918 0.46886095]
 [0.16993213 0.03388988 0.02288171 0.41798517 0.02374395 0.30213636]
 [0.2791052  0.04319215 0.31937557 0.15000787 0.15568843 0.08681723]
 [0.10482412 0.07588804 0.24587993 0.16851598 0.3138375  0.12719527]
 [0.24271703 0.12020242 0.02413187 0.1505128  0.02390431 0.45593295]
 [0.17823863 0.16626476 0.06358697 0.23975545 0.06008944 0.3659765 ]
 [0.21000876 0.06109464 0.03494154 0.29575983 0.08625101 0.3725224 ]
 [0.2453201  0.02800444 0.02234357 0.15524429 0.05173361 0.50496316]
 [0.17437392 0.00612259 0.03704018 0.2982429  0.24384822 0.13341168]
 [0.28515366 0.0174877  0.0096406  0.14156647 0.01067177 0.5584246 ]
 [0.27494285 0.08497022 0.09519755 0.06787461 0.22849089 0.26818943]
 [0.12119537 0.0678387  0.03467445 0.45715094 0.06823725 0.26789498]]
INFO:root:Labels: [[0. 0. 0. 0. 1. 0.]
 [0. 0. 1. 0. 0. 0.]
 [0. 0. 0. 0. 1. 0.]
 [0. 0. 0. 0. 0. 1.]
 [0. 0. 0. 1. 0. 0.]
 [0. 0. 0. 1. 0. 0.]
 [0. 0. 0. 1. 0. 0.]
 [0. 0. 0. 0. 1. 0.]
 [0. 1. 0. 0. 0. 0.]
 [0. 0. 1. 0. 0. 0.]
 [1. 0. 0. 0. 0. 0.]
 [0. 0. 0. 0. 0. 1.]
 [0. 0. 0. 0. 0. 1.]
 [1. 0. 0. 0. 0. 0.]
 [0. 0. 0. 1. 0. 0.]
 [1. 0. 0. 0. 0. 0.]
 [0. 0. 0. 0. 0. 1.]
 [0. 1. 0. 0. 0. 0.]
 [0. 0. 1. 0. 0. 0.]
 [0. 0. 1. 0. 0. 0.]
 [0. 0. 0. 0. 1. 0.]
 [0. 0. 0. 0. 1. 0.]
 [0. 1. 0. 0. 0. 0.]
 [0. 0. 1. 0. 0. 0.]
 [0. 0. 0. 0. 0. 1.]
 [0. 0. 0. 0. 1. 0.]
 [1. 0. 0. 0. 0. 0.]
 [0. 0. 1. 0. 0. 0.]
 [0. 0. 1. 0. 0. 0.]
 [0. 0. 0. 1. 0. 0.]
 [0. 0. 1. 0. 0. 0.]
 [0. 0. 0. 1. 0. 0.]], Predictions: [[0.42695808 0.04997998 0.1803933  0.1107718  0.13167171 0.14530142]
 [0.1472958  0.06953007 0.13998385 0.21363202 0.0791136  0.31816658]
 [0.07238253 0.03522169 0.09004027 0.10601065 0.64221543 0.06464703]
 [0.32502332 0.01973927 0.12263205 0.18141921 0.2036029  0.09210899]
 [0.16506757 0.11749823 0.11093162 0.1706022  0.2545034  0.22978197]
 [0.17747867 0.20905809 0.09988122 0.14046365 0.09955063 0.31376776]
 [0.20050435 0.10877533 0.02122544 0.19221407 0.0125691  0.42886633]
 [0.10865862 0.20306975 0.07733478 0.19075039 0.17662218 0.31614387]
 [0.12370981 0.19017664 0.18831477 0.15465242 0.07865757 0.26266992]
 [0.02298993 0.03354199 0.7023156  0.07041275 0.14784709 0.08126026]
 [0.20099957 0.10726724 0.1922936  0.13761729 0.06592435 0.27456138]
 [0.25543094 0.01603854 0.00674835 0.089554   0.01078508 0.637812  ]
 [0.20614918 0.16239332 0.04995416 0.1600602  0.06593329 0.36784202]
 [0.1370907  0.15367168 0.13771021 0.18794586 0.11903906 0.26441905]
 [0.20354779 0.00921203 0.01148484 0.13687246 0.1288513  0.4859321 ]
 [0.06191026 0.20550095 0.094631   0.07659674 0.41531208 0.14594975]
 [0.23215322 0.02460138 0.00708534 0.14749072 0.01206599 0.5674334 ]
 [0.11142194 0.17260753 0.0441145  0.12951785 0.14836349 0.42483783]
 [0.18707918 0.03877493 0.15283193 0.22325413 0.2070494  0.19025159]
 [0.18559031 0.08079586 0.02881009 0.19995803 0.04077632 0.48724303]
 [0.11771072 0.19412155 0.11617777 0.12269599 0.25439012 0.20395467]
 [0.19722342 0.01751972 0.03300397 0.18998596 0.20455438 0.3303393 ]
 [0.16454339 0.29131976 0.11467036 0.13666956 0.07042876 0.30492106]
 [0.12756883 0.3729619  0.13978493 0.07431422 0.08887381 0.27501455]
 [0.11526585 0.3603904  0.2674569  0.06997114 0.05032202 0.21191856]
 [0.14174137 0.14997786 0.05647648 0.2417312  0.09837513 0.34483474]
 [0.14812486 0.0434361  0.19661434 0.23590057 0.18909931 0.17367469]
 [0.04619135 0.17030933 0.42027187 0.05082186 0.1357103  0.1292013 ]
 [0.27450642 0.07888944 0.3491263  0.09061995 0.08233836 0.13983566]
 [0.14029378 0.25681734 0.11486844 0.17524806 0.08477025 0.27356946]
 [0.04559371 0.02136304 0.15589137 0.09455918 0.6238629  0.06593226]
 [0.1771977  0.17665362 0.04169632 0.1030185  0.08091173 0.49532136]]
INFO:root:Labels: [[0. 0. 0. 1. 0. 0.]
 [0. 0. 1. 0. 0. 0.]
 [0. 0. 0. 0. 1. 0.]
 [0. 0. 0. 1. 0. 0.]
 [0. 1. 0. 0. 0. 0.]
 [0. 0. 0. 0. 1. 0.]
 [0. 0. 1. 0. 0. 0.]
 [0. 0. 0. 0. 1. 0.]
 [1. 0. 0. 0. 0. 0.]
 [0. 0. 0. 0. 0. 1.]
 [0. 0. 0. 0. 0. 1.]
 [0. 0. 0. 0. 0. 1.]
 [0. 0. 0. 0. 0. 1.]
 [0. 0. 0. 0. 0. 1.]
 [0. 0. 0. 0. 1. 0.]
 [1. 0. 0. 0. 0. 0.]
 [1. 0. 0. 0. 0. 0.]
 [0. 0. 0. 0. 0. 1.]
 [0. 0. 0. 0. 1. 0.]
 [0. 0. 0. 0. 1. 0.]
 [0. 0. 0. 1. 0. 0.]
 [0. 0. 0. 1. 0. 0.]
 [0. 1. 0. 0. 0. 0.]
 [0. 0. 0. 1. 0. 0.]
 [0. 0. 0. 0. 0. 1.]
 [0. 0. 0. 0. 1. 0.]
 [0. 0. 0. 0. 0. 1.]
 [0. 0. 1. 0. 0. 0.]
 [0. 0. 0. 0. 0. 1.]
 [0. 0. 0. 1. 0. 0.]
 [1. 0. 0. 0. 0. 0.]
 [0. 0. 0. 0. 0. 1.]], Predictions: [[0.10473628 0.14998578 0.0709979  0.23117152 0.22549735 0.20774703]
 [0.22625518 0.2702589  0.11251707 0.11736926 0.11326588 0.21046594]
 [0.20227656 0.09950599 0.22837819 0.09912153 0.21080597 0.18114494]
 [0.06575161 0.22478682 0.05281748 0.14402331 0.08988231 0.44797462]
 [0.0609788  0.21328935 0.19233048 0.09337568 0.23608086 0.14981154]
 [0.06726433 0.05897046 0.05662025 0.08335677 0.6096682  0.18210703]
 [0.01432442 0.0084541  0.73804206 0.03516382 0.18714465 0.02918114]
 [0.03131611 0.08250491 0.67933017 0.04991902 0.11774109 0.0770137 ]
 [0.17789151 0.17176303 0.13334629 0.13354443 0.07566131 0.32526362]
 [0.19226699 0.04974446 0.03899433 0.24465536 0.09625683 0.45850953]
 [0.2672375  0.05235828 0.01640005 0.15489024 0.0173084  0.5030072 ]
 [0.14138559 0.08068698 0.19227627 0.09829582 0.28100657 0.21327724]
 [0.23642364 0.23620385 0.05621011 0.07255527 0.04146475 0.3787669 ]
 [0.6109315  0.06081459 0.06139744 0.0306046  0.02002461 0.22713701]
 [0.12254164 0.3480355  0.09516297 0.13489439 0.11551312 0.21563435]
 [0.3939973  0.05687331 0.19159064 0.10793037 0.08840497 0.17931202]
 [0.15212102 0.18281457 0.18623193 0.09455695 0.20970845 0.16413727]
 [0.1833536  0.07348911 0.24452865 0.17928283 0.15814884 0.13885753]
 [0.20880781 0.08578663 0.38267502 0.11712336 0.13636655 0.13942026]
 [0.28969333 0.04054893 0.02627395 0.17573608 0.04160129 0.4586286 ]
 [0.1353489  0.05512271 0.10883895 0.39406544 0.04139107 0.17754136]
 [0.06222603 0.00476121 0.0431499  0.4021586  0.22257166 0.07913084]
 [0.20566595 0.11241627 0.14512086 0.20552453 0.05203617 0.30318618]
 [0.21280126 0.05047105 0.03964102 0.25037485 0.089666   0.42015836]
 [0.3148619  0.0201631  0.01532692 0.12499571 0.0355265  0.54406446]
 [0.19100133 0.04761945 0.05718384 0.2130894  0.30257592 0.20874996]
 [0.16044071 0.20926377 0.0441389  0.15036161 0.02010242 0.4173366 ]
 [0.05528598 0.33789614 0.2977846  0.04818861 0.08189134 0.15757082]
 [0.1942942  0.02725755 0.03034255 0.0951564  0.2525495  0.37413853]
 [0.2267707  0.07655457 0.0216446  0.17980853 0.0153818  0.4600046 ]
 [0.06943051 0.23224244 0.15505296 0.16614288 0.1613999  0.23759966]
 [0.25452447 0.10163766 0.03624716 0.14379738 0.02914981 0.46912247]]
INFO:root:Labels: [[0. 0. 0. 0. 0. 1.]
 [0. 0. 0. 0. 0. 1.]
 [0. 0. 0. 0. 0. 1.]
 [0. 0. 0. 0. 1. 0.]
 [0. 0. 1. 0. 0. 0.]
 [0. 0. 0. 1. 0. 0.]
 [1. 0. 0. 0. 0. 0.]
 [0. 0. 0. 1. 0. 0.]
 [0. 0. 0. 0. 0. 1.]
 [0. 0. 1. 0. 0. 0.]
 [0. 0. 0. 0. 0. 1.]
 [0. 0. 0. 0. 0. 1.]
 [0. 0. 0. 0. 0. 1.]
 [0. 0. 0. 0. 1. 0.]
 [0. 0. 1. 0. 0. 0.]
 [0. 0. 0. 0. 0. 1.]
 [0. 0. 0. 0. 1. 0.]
 [0. 0. 0. 0. 0. 1.]
 [0. 0. 1. 0. 0. 0.]
 [0. 1. 0. 0. 0. 0.]
 [0. 0. 0. 1. 0. 0.]
 [1. 0. 0. 0. 0. 0.]
 [1. 0. 0. 0. 0. 0.]
 [0. 0. 1. 0. 0. 0.]
 [0. 0. 1. 0. 0. 0.]
 [0. 0. 0. 1. 0. 0.]
 [0. 0. 0. 1. 0. 0.]
 [0. 1. 0. 0. 0. 0.]
 [0. 0. 0. 0. 0. 1.]
 [0. 1. 0. 0. 0. 0.]
 [0. 0. 0. 0. 1. 0.]
 [0. 0. 0. 1. 0. 0.]], Predictions: [[0.2028682  0.06411796 0.04644322 0.11679352 0.09592058 0.46351433]
 [0.06933052 0.05911623 0.02429176 0.17952931 0.04047016 0.6726166 ]
 [0.2259131  0.03146228 0.01355203 0.16095899 0.02455478 0.5592671 ]
 [0.09285601 0.27452597 0.21416831 0.09888494 0.15609743 0.15814865]
 [0.3644826  0.03653868 0.31299075 0.04472722 0.03445108 0.14826831]
 [0.14565839 0.27347732 0.04412677 0.11526737 0.02311506 0.39554736]
 [0.07810396 0.08388618 0.16341928 0.08022673 0.5105667  0.10773402]
 [0.21485205 0.15290251 0.08230937 0.19430326 0.1790173  0.154959  ]
 [0.09593385 0.06841463 0.02995893 0.3789211  0.06355605 0.3774093 ]
 [0.47295362 0.02871965 0.20086135 0.08598039 0.09549531 0.12877491]
 [0.24771714 0.0249082  0.00994396 0.14760315 0.00981695 0.5634459 ]
 [0.21263817 0.0712065  0.378064   0.13696092 0.1748775  0.10995059]
 [0.16155118 0.14145826 0.02583705 0.269194   0.03673455 0.3838558 ]
 [0.12183072 0.02546181 0.07308693 0.11670954 0.542419   0.11066297]
 [0.06659555 0.16306993 0.2967752  0.0929728  0.22446682 0.13290927]
 [0.26470575 0.05935946 0.03134093 0.16958587 0.02944368 0.48114714]
 [0.1473568  0.10527021 0.02934564 0.26667592 0.0496939  0.4308604 ]
 [0.2539039  0.03695331 0.01732076 0.14867349 0.02592505 0.5479213 ]
 [0.07455018 0.00991343 0.07734095 0.07750278 0.6066688  0.08058067]
 [0.07031663 0.42406484 0.02690942 0.10519    0.12091556 0.2953783 ]
 [0.19286291 0.06667788 0.06749538 0.13413535 0.14662224 0.32431892]
 [0.40247917 0.02733116 0.11057685 0.17696734 0.09528382 0.20383608]
 [0.07751533 0.2201147  0.35319653 0.08487943 0.14176701 0.16541857]
 [0.0897741  0.03018728 0.12579569 0.17157549 0.4702685  0.12293281]
 [0.20039113 0.08637163 0.51031816 0.05309049 0.04502441 0.1353122 ]
 [0.1273355  0.0423114  0.2558217  0.25192395 0.10404652 0.10339622]
 [0.17372687 0.30016235 0.17525254 0.05633466 0.06765724 0.28390625]
 [0.0894459  0.08070912 0.41246757 0.15276122 0.15462232 0.10348155]
 [0.06813462 0.3319279  0.2731612  0.06979989 0.09565978 0.11994868]
 [0.05521929 0.19556727 0.05790237 0.1464258  0.08755256 0.48393998]
 [0.27039725 0.07545033 0.06353429 0.19648491 0.11051027 0.303033  ]
 [0.11797898 0.23955332 0.27705905 0.03242971 0.04778628 0.25571325]]
